Traceback (most recent call last):
  File "/opt/conda/lib/python3.8/site-packages/jupyter_cache/executors/utils.py", line 51, in single_nb_execution
    executenb(
  File "/opt/conda/lib/python3.8/site-packages/nbclient/client.py", line 1085, in execute
    return NotebookClient(nb=nb, resources=resources, km=km, **kwargs).execute()
  File "/opt/conda/lib/python3.8/site-packages/nbclient/util.py", line 84, in wrapped
    return just_run(coro(*args, **kwargs))
  File "/opt/conda/lib/python3.8/site-packages/nbclient/util.py", line 62, in just_run
    return loop.run_until_complete(coro)
  File "/opt/conda/lib/python3.8/asyncio/base_events.py", line 616, in run_until_complete
    return future.result()
  File "/opt/conda/lib/python3.8/site-packages/nbclient/client.py", line 551, in async_execute
    await self.async_execute_cell(
  File "/opt/conda/lib/python3.8/site-packages/nbclient/client.py", line 846, in async_execute_cell
    self._check_raise_for_error(cell, exec_reply)
  File "/opt/conda/lib/python3.8/site-packages/nbclient/client.py", line 748, in _check_raise_for_error
    raise CellExecutionError.from_cell_and_msg(cell, exec_reply_content)
nbclient.exceptions.CellExecutionError: An error occurred while executing the following cell:
------------------
im = Image.open(path)
Nc, Nl = im.size
im = im.resize((Nc // 4, Nl // 4), Image.ANTIALIAS)
fig, ax = plt.subplots()
# ax.axis("off")
plt.imshow(im)
plt.colorbar()
plt.show()
------------------

[0;31m---------------------------------------------------------------------------[0m
[0;31mFileNotFoundError[0m                         Traceback (most recent call last)
[0;32m/tmp/ipykernel_291/1089198094.py[0m in [0;36m<module>[0;34m[0m
[0;32m----> 1[0;31m [0mim[0m [0;34m=[0m [0mImage[0m[0;34m.[0m[0mopen[0m[0;34m([0m[0mpath[0m[0;34m)[0m[0;34m[0m[0;34m[0m[0m
[0m[1;32m      2[0m [0mNc[0m[0;34m,[0m [0mNl[0m [0;34m=[0m [0mim[0m[0;34m.[0m[0msize[0m[0;34m[0m[0;34m[0m[0m
[1;32m      3[0m [0mim[0m [0;34m=[0m [0mim[0m[0;34m.[0m[0mresize[0m[0;34m([0m[0;34m([0m[0mNc[0m [0;34m//[0m [0;36m4[0m[0;34m,[0m [0mNl[0m [0;34m//[0m [0;36m4[0m[0;34m)[0m[0;34m,[0m [0mImage[0m[0;34m.[0m[0mANTIALIAS[0m[0;34m)[0m[0;34m[0m[0;34m[0m[0m
[1;32m      4[0m [0mfig[0m[0;34m,[0m [0max[0m [0;34m=[0m [0mplt[0m[0;34m.[0m[0msubplots[0m[0;34m([0m[0;34m)[0m[0;34m[0m[0;34m[0m[0m
[1;32m      5[0m [0;31m# ax.axis("off")[0m[0;34m[0m[0;34m[0m[0;34m[0m[0m

[0;32m/opt/conda/lib/python3.8/site-packages/PIL/Image.py[0m in [0;36mopen[0;34m(fp, mode, formats)[0m
[1;32m   2951[0m [0;34m[0m[0m
[1;32m   2952[0m     [0;32mif[0m [0mfilename[0m[0;34m:[0m[0;34m[0m[0;34m[0m[0m
[0;32m-> 2953[0;31m         [0mfp[0m [0;34m=[0m [0mbuiltins[0m[0;34m.[0m[0mopen[0m[0;34m([0m[0mfilename[0m[0;34m,[0m [0;34m"rb"[0m[0;34m)[0m[0;34m[0m[0;34m[0m[0m
[0m[1;32m   2954[0m         [0mexclusive_fp[0m [0;34m=[0m [0;32mTrue[0m[0;34m[0m[0;34m[0m[0m
[1;32m   2955[0m [0;34m[0m[0m

[0;31mFileNotFoundError[0m: [Errno 2] No such file or directory: 'balls.jpg'
FileNotFoundError: [Errno 2] No such file or directory: 'balls.jpg'

