Traceback (most recent call last):
  File "C:\ProgramData\Anaconda3\envs\JB-env\lib\site-packages\jupyter_cache\executors\utils.py", line 56, in single_nb_execution
    record_timing=False,
  File "C:\ProgramData\Anaconda3\envs\JB-env\lib\site-packages\nbclient\client.py", line 1085, in execute
    return NotebookClient(nb=nb, resources=resources, km=km, **kwargs).execute()
  File "C:\ProgramData\Anaconda3\envs\JB-env\lib\site-packages\nbclient\util.py", line 84, in wrapped
    return just_run(coro(*args, **kwargs))
  File "C:\ProgramData\Anaconda3\envs\JB-env\lib\site-packages\nbclient\util.py", line 62, in just_run
    return loop.run_until_complete(coro)
  File "C:\ProgramData\Anaconda3\envs\JB-env\lib\asyncio\base_events.py", line 587, in run_until_complete
    return future.result()
  File "C:\ProgramData\Anaconda3\envs\JB-env\lib\site-packages\nbclient\client.py", line 552, in async_execute
    cell, index, execution_count=self.code_cells_executed + 1
  File "C:\ProgramData\Anaconda3\envs\JB-env\lib\site-packages\nbclient\client.py", line 846, in async_execute_cell
    self._check_raise_for_error(cell, exec_reply)
  File "C:\ProgramData\Anaconda3\envs\JB-env\lib\site-packages\nbclient\client.py", line 748, in _check_raise_for_error
    raise CellExecutionError.from_cell_and_msg(cell, exec_reply_content)
nbclient.exceptions.CellExecutionError: An error occurred while executing the following cell:
------------------
E       = 210.e9   # Young Modulus [Pa]
rho     = 7800.    # Density       [kg/m**3]
A       = 5.e-2    # Cross section [m**2]
sigmay  = 400.e6   # Yield Stress  [Pa]

# Model definition 
model = truss.core.Model() # Model definition 

# NODES
nA = model.add_node((0.,0.), label = "A") 
nC = model.add_node((3.,0.), label = "C")
nD = model.add_node((3.,3.), label = "D")
nE = model.add_node((6.,0.), label = "E")
nF = model.add_node((6.,3.), label = "F")
nG = model.add_node((9.,0.), label = "G")
nH = model.add_node((9.,3.), label = "H")

# BOUNDARY CONDITIONS
nA.block[1] = True
nG.block[0] = True
nH.block[0] = True

# BARS
AC = model.add_bar(nA, nC, modulus = E, density = rho, section = A, yield_stress = sigmay)
CD = model.add_bar(nC, nD, modulus = E, density = rho, section = A, yield_stress = sigmay)
AD = model.add_bar(nA, nD, modulus = E, density = rho, section = A, yield_stress = sigmay)
CE = model.add_bar(nC, nE, modulus = E, density = rho, section = A, yield_stress = sigmay)
DF = model.add_bar(nD, nF, modulus = E, density = rho, section = A, yield_stress = sigmay)
DE = model.add_bar(nD, nE, modulus = E, density = rho, section = A, yield_stress = sigmay)
EF = model.add_bar(nE, nF, modulus = E, density = rho, section = A, yield_stress = sigmay)
EG = model.add_bar(nE, nG, modulus = E, density = rho, section = A, yield_stress = sigmay)
FH = model.add_bar(nF, nH, modulus = E, density = rho, section = A, yield_stress = sigmay)
FG = model.add_bar(nF, nG, modulus = E, density = rho, section = A, yield_stress = sigmay)
GH = model.add_bar(nG, nH, modulus = E, density = rho, section = A, yield_stress = sigmay)

# STRUCTURAL LOADING
nG.force = np.array([0., -1.e6])


model.solve()



xlim, ylim = model.bbox(deformed = False)
fig = plt.figure()
ax = fig.add_subplot(1,1,1)
ax.set_aspect("equal")
#ax.axis("off")
model.draw(ax, deformed = False, field = "stress", label = True, force_scale = 1.e-6, forces = True)
plt.xlim(xlim)
plt.ylim(ylim)
plt.grid()  
plt.xlabel("Axe $x$")
plt.ylabel("Axe $y$")
------------------

[1;31m---------------------------------------------------------------------------[0m
[1;31mNameError[0m                                 Traceback (most recent call last)
[1;32mC:\Temp\ipykernel_27336\1719732652.py[0m in [0;36m<module>[1;34m[0m
[0;32m      5[0m [1;33m[0m[0m
[0;32m      6[0m [1;31m# Model definition[0m[1;33m[0m[1;33m[0m[1;33m[0m[0m
[1;32m----> 7[1;33m [0mmodel[0m [1;33m=[0m [0mtruss[0m[1;33m.[0m[0mcore[0m[1;33m.[0m[0mModel[0m[1;33m([0m[1;33m)[0m [1;31m# Model definition[0m[1;33m[0m[1;33m[0m[0m
[0m[0;32m      8[0m [1;33m[0m[0m
[0;32m      9[0m [1;31m# NODES[0m[1;33m[0m[1;33m[0m[1;33m[0m[0m

[1;31mNameError[0m: name 'truss' is not defined
NameError: name 'truss' is not defined

