Traceback (most recent call last):
  File "/opt/conda/lib/python3.8/site-packages/jupyter_cache/executors/utils.py", line 51, in single_nb_execution
    executenb(
  File "/opt/conda/lib/python3.8/site-packages/nbclient/client.py", line 1085, in execute
    return NotebookClient(nb=nb, resources=resources, km=km, **kwargs).execute()
  File "/opt/conda/lib/python3.8/site-packages/nbclient/util.py", line 84, in wrapped
    return just_run(coro(*args, **kwargs))
  File "/opt/conda/lib/python3.8/site-packages/nbclient/util.py", line 62, in just_run
    return loop.run_until_complete(coro)
  File "/opt/conda/lib/python3.8/asyncio/base_events.py", line 616, in run_until_complete
    return future.result()
  File "/opt/conda/lib/python3.8/site-packages/nbclient/client.py", line 551, in async_execute
    await self.async_execute_cell(
  File "/opt/conda/lib/python3.8/site-packages/nbclient/client.py", line 846, in async_execute_cell
    self._check_raise_for_error(cell, exec_reply)
  File "/opt/conda/lib/python3.8/site-packages/nbclient/client.py", line 748, in _check_raise_for_error
    raise CellExecutionError.from_cell_and_msg(cell, exec_reply_content)
nbclient.exceptions.CellExecutionError: An error occurred while executing the following cell:
------------------
%matplotlib widget
import numpy as np
import pandas as pd
import matplotlib.pyplot as plt
from scipy.integrate import odeint
------------------

[0;31m---------------------------------------------------------------------------[0m
[0;31mModuleNotFoundError[0m                       Traceback (most recent call last)
[0;32m/tmp/ipykernel_338/3664040339.py[0m in [0;36m<module>[0;34m[0m
[0;32m----> 1[0;31m [0mget_ipython[0m[0;34m([0m[0;34m)[0m[0;34m.[0m[0mrun_line_magic[0m[0;34m([0m[0;34m'matplotlib'[0m[0;34m,[0m [0;34m'widget'[0m[0;34m)[0m[0;34m[0m[0;34m[0m[0m
[0m[1;32m      2[0m [0;32mimport[0m [0mnumpy[0m [0;32mas[0m [0mnp[0m[0;34m[0m[0;34m[0m[0m
[1;32m      3[0m [0;32mimport[0m [0mpandas[0m [0;32mas[0m [0mpd[0m[0;34m[0m[0;34m[0m[0m
[1;32m      4[0m [0;32mimport[0m [0mmatplotlib[0m[0;34m.[0m[0mpyplot[0m [0;32mas[0m [0mplt[0m[0;34m[0m[0;34m[0m[0m
[1;32m      5[0m [0;32mfrom[0m [0mscipy[0m[0;34m.[0m[0mintegrate[0m [0;32mimport[0m [0modeint[0m[0;34m[0m[0;34m[0m[0m

[0;32m/opt/conda/lib/python3.8/site-packages/IPython/core/interactiveshell.py[0m in [0;36mrun_line_magic[0;34m(self, magic_name, line, _stack_depth)[0m
[1;32m   2362[0m                 [0mkwargs[0m[0;34m[[0m[0;34m'local_ns'[0m[0;34m][0m [0;34m=[0m [0mself[0m[0;34m.[0m[0mget_local_scope[0m[0;34m([0m[0mstack_depth[0m[0;34m)[0m[0;34m[0m[0;34m[0m[0m
[1;32m   2363[0m             [0;32mwith[0m [0mself[0m[0;34m.[0m[0mbuiltin_trap[0m[0;34m:[0m[0;34m[0m[0;34m[0m[0m
[0;32m-> 2364[0;31m                 [0mresult[0m [0;34m=[0m [0mfn[0m[0;34m([0m[0;34m*[0m[0margs[0m[0;34m,[0m [0;34m**[0m[0mkwargs[0m[0;34m)[0m[0;34m[0m[0;34m[0m[0m
[0m[1;32m   2365[0m             [0;32mreturn[0m [0mresult[0m[0;34m[0m[0;34m[0m[0m
[1;32m   2366[0m [0;34m[0m[0m

[0;32m/opt/conda/lib/python3.8/site-packages/decorator.py[0m in [0;36mfun[0;34m(*args, **kw)[0m
[1;32m    230[0m             [0;32mif[0m [0;32mnot[0m [0mkwsyntax[0m[0;34m:[0m[0;34m[0m[0;34m[0m[0m
[1;32m    231[0m                 [0margs[0m[0;34m,[0m [0mkw[0m [0;34m=[0m [0mfix[0m[0;34m([0m[0margs[0m[0;34m,[0m [0mkw[0m[0;34m,[0m [0msig[0m[0;34m)[0m[0;34m[0m[0;34m[0m[0m
[0;32m--> 232[0;31m             [0;32mreturn[0m [0mcaller[0m[0;34m([0m[0mfunc[0m[0;34m,[0m [0;34m*[0m[0;34m([0m[0mextras[0m [0;34m+[0m [0margs[0m[0;34m)[0m[0;34m,[0m [0;34m**[0m[0mkw[0m[0;34m)[0m[0;34m[0m[0;34m[0m[0m
[0m[1;32m    233[0m     [0mfun[0m[0;34m.[0m[0m__name__[0m [0;34m=[0m [0mfunc[0m[0;34m.[0m[0m__name__[0m[0;34m[0m[0;34m[0m[0m
[1;32m    234[0m     [0mfun[0m[0;34m.[0m[0m__doc__[0m [0;34m=[0m [0mfunc[0m[0;34m.[0m[0m__doc__[0m[0;34m[0m[0;34m[0m[0m

[0;32m/opt/conda/lib/python3.8/site-packages/IPython/core/magic.py[0m in [0;36m<lambda>[0;34m(f, *a, **k)[0m
[1;32m    185[0m     [0;31m# but it's overkill for just that one bit of state.[0m[0;34m[0m[0;34m[0m[0;34m[0m[0m
[1;32m    186[0m     [0;32mdef[0m [0mmagic_deco[0m[0;34m([0m[0marg[0m[0;34m)[0m[0;34m:[0m[0;34m[0m[0;34m[0m[0m
[0;32m--> 187[0;31m         [0mcall[0m [0;34m=[0m [0;32mlambda[0m [0mf[0m[0;34m,[0m [0;34m*[0m[0ma[0m[0;34m,[0m [0;34m**[0m[0mk[0m[0;34m:[0m [0mf[0m[0;34m([0m[0;34m*[0m[0ma[0m[0;34m,[0m [0;34m**[0m[0mk[0m[0;34m)[0m[0;34m[0m[0;34m[0m[0m
[0m[1;32m    188[0m [0;34m[0m[0m
[1;32m    189[0m         [0;32mif[0m [0mcallable[0m[0;34m([0m[0marg[0m[0;34m)[0m[0;34m:[0m[0;34m[0m[0;34m[0m[0m

[0;32m/opt/conda/lib/python3.8/site-packages/IPython/core/magics/pylab.py[0m in [0;36mmatplotlib[0;34m(self, line)[0m
[1;32m     97[0m             [0mprint[0m[0;34m([0m[0;34m"Available matplotlib backends: %s"[0m [0;34m%[0m [0mbackends_list[0m[0;34m)[0m[0;34m[0m[0;34m[0m[0m
[1;32m     98[0m         [0;32melse[0m[0;34m:[0m[0;34m[0m[0;34m[0m[0m
[0;32m---> 99[0;31m             [0mgui[0m[0;34m,[0m [0mbackend[0m [0;34m=[0m [0mself[0m[0;34m.[0m[0mshell[0m[0;34m.[0m[0menable_matplotlib[0m[0;34m([0m[0margs[0m[0;34m.[0m[0mgui[0m[0;34m.[0m[0mlower[0m[0;34m([0m[0;34m)[0m [0;32mif[0m [0misinstance[0m[0;34m([0m[0margs[0m[0;34m.[0m[0mgui[0m[0;34m,[0m [0mstr[0m[0;34m)[0m [0;32melse[0m [0margs[0m[0;34m.[0m[0mgui[0m[0;34m)[0m[0;34m[0m[0;34m[0m[0m
[0m[1;32m    100[0m             [0mself[0m[0;34m.[0m[0m_show_matplotlib_backend[0m[0;34m([0m[0margs[0m[0;34m.[0m[0mgui[0m[0;34m,[0m [0mbackend[0m[0;34m)[0m[0;34m[0m[0;34m[0m[0m
[1;32m    101[0m [0;34m[0m[0m

[0;32m/opt/conda/lib/python3.8/site-packages/IPython/core/interactiveshell.py[0m in [0;36menable_matplotlib[0;34m(self, gui)[0m
[1;32m   3544[0m                 [0mgui[0m[0;34m,[0m [0mbackend[0m [0;34m=[0m [0mpt[0m[0;34m.[0m[0mfind_gui_and_backend[0m[0;34m([0m[0mself[0m[0;34m.[0m[0mpylab_gui_select[0m[0;34m)[0m[0;34m[0m[0;34m[0m[0m
[1;32m   3545[0m [0;34m[0m[0m
[0;32m-> 3546[0;31m         [0mpt[0m[0;34m.[0m[0mactivate_matplotlib[0m[0;34m([0m[0mbackend[0m[0;34m)[0m[0;34m[0m[0;34m[0m[0m
[0m[1;32m   3547[0m         [0mconfigure_inline_support[0m[0;34m([0m[0mself[0m[0;34m,[0m [0mbackend[0m[0;34m)[0m[0;34m[0m[0;34m[0m[0m
[1;32m   3548[0m [0;34m[0m[0m

[0;32m/opt/conda/lib/python3.8/site-packages/IPython/core/pylabtools.py[0m in [0;36mactivate_matplotlib[0;34m(backend)[0m
[1;32m    357[0m     [0;32mfrom[0m [0mmatplotlib[0m [0;32mimport[0m [0mpyplot[0m [0;32mas[0m [0mplt[0m[0;34m[0m[0;34m[0m[0m
[1;32m    358[0m [0;34m[0m[0m
[0;32m--> 359[0;31m     [0mplt[0m[0;34m.[0m[0mswitch_backend[0m[0;34m([0m[0mbackend[0m[0;34m)[0m[0;34m[0m[0;34m[0m[0m
[0m[1;32m    360[0m [0;34m[0m[0m
[1;32m    361[0m     [0mplt[0m[0;34m.[0m[0mshow[0m[0;34m.[0m[0m_needmain[0m [0;34m=[0m [0;32mFalse[0m[0;34m[0m[0;34m[0m[0m

[0;32m/opt/conda/lib/python3.8/site-packages/matplotlib/pyplot.py[0m in [0;36mswitch_backend[0;34m(newbackend)[0m
[1;32m    265[0m     [0mbackend_name[0m [0;34m=[0m [0mcbook[0m[0;34m.[0m[0m_backend_module_name[0m[0;34m([0m[0mnewbackend[0m[0;34m)[0m[0;34m[0m[0;34m[0m[0m
[1;32m    266[0m [0;34m[0m[0m
[0;32m--> 267[0;31m     [0;32mclass[0m [0mbackend_mod[0m[0;34m([0m[0mmatplotlib[0m[0;34m.[0m[0mbackend_bases[0m[0;34m.[0m[0m_Backend[0m[0;34m)[0m[0;34m:[0m[0;34m[0m[0;34m[0m[0m
[0m[1;32m    268[0m         [0mlocals[0m[0;34m([0m[0;34m)[0m[0;34m.[0m[0mupdate[0m[0;34m([0m[0mvars[0m[0;34m([0m[0mimportlib[0m[0;34m.[0m[0mimport_module[0m[0;34m([0m[0mbackend_name[0m[0;34m)[0m[0;34m)[0m[0;34m)[0m[0;34m[0m[0;34m[0m[0m
[1;32m    269[0m [0;34m[0m[0m

[0;32m/opt/conda/lib/python3.8/site-packages/matplotlib/pyplot.py[0m in [0;36mbackend_mod[0;34m()[0m
[1;32m    266[0m [0;34m[0m[0m
[1;32m    267[0m     [0;32mclass[0m [0mbackend_mod[0m[0;34m([0m[0mmatplotlib[0m[0;34m.[0m[0mbackend_bases[0m[0;34m.[0m[0m_Backend[0m[0;34m)[0m[0;34m:[0m[0;34m[0m[0;34m[0m[0m
[0;32m--> 268[0;31m         [0mlocals[0m[0;34m([0m[0;34m)[0m[0;34m.[0m[0mupdate[0m[0;34m([0m[0mvars[0m[0;34m([0m[0mimportlib[0m[0;34m.[0m[0mimport_module[0m[0;34m([0m[0mbackend_name[0m[0;34m)[0m[0;34m)[0m[0;34m)[0m[0;34m[0m[0;34m[0m[0m
[0m[1;32m    269[0m [0;34m[0m[0m
[1;32m    270[0m     [0mrequired_framework[0m [0;34m=[0m [0m_get_required_interactive_framework[0m[0;34m([0m[0mbackend_mod[0m[0;34m)[0m[0;34m[0m[0;34m[0m[0m

[0;32m/opt/conda/lib/python3.8/importlib/__init__.py[0m in [0;36mimport_module[0;34m(name, package)[0m
[1;32m    125[0m                 [0;32mbreak[0m[0;34m[0m[0;34m[0m[0m
[1;32m    126[0m             [0mlevel[0m [0;34m+=[0m [0;36m1[0m[0;34m[0m[0;34m[0m[0m
[0;32m--> 127[0;31m     [0;32mreturn[0m [0m_bootstrap[0m[0;34m.[0m[0m_gcd_import[0m[0;34m([0m[0mname[0m[0;34m[[0m[0mlevel[0m[0;34m:[0m[0;34m][0m[0;34m,[0m [0mpackage[0m[0;34m,[0m [0mlevel[0m[0;34m)[0m[0;34m[0m[0;34m[0m[0m
[0m[1;32m    128[0m [0;34m[0m[0m
[1;32m    129[0m [0;34m[0m[0m

[0;32m/opt/conda/lib/python3.8/importlib/_bootstrap.py[0m in [0;36m_gcd_import[0;34m(name, package, level)[0m

[0;32m/opt/conda/lib/python3.8/importlib/_bootstrap.py[0m in [0;36m_find_and_load[0;34m(name, import_)[0m

[0;32m/opt/conda/lib/python3.8/importlib/_bootstrap.py[0m in [0;36m_find_and_load_unlocked[0;34m(name, import_)[0m

[0;32m/opt/conda/lib/python3.8/importlib/_bootstrap.py[0m in [0;36m_call_with_frames_removed[0;34m(f, *args, **kwds)[0m

[0;32m/opt/conda/lib/python3.8/importlib/_bootstrap.py[0m in [0;36m_gcd_import[0;34m(name, package, level)[0m

[0;32m/opt/conda/lib/python3.8/importlib/_bootstrap.py[0m in [0;36m_find_and_load[0;34m(name, import_)[0m

[0;32m/opt/conda/lib/python3.8/importlib/_bootstrap.py[0m in [0;36m_find_and_load_unlocked[0;34m(name, import_)[0m

[0;31mModuleNotFoundError[0m: No module named 'ipympl'
ModuleNotFoundError: No module named 'ipympl'

